#
# There is insufficient memory for the Java Runtime Environment to continue.
# Native memory allocation (mmap) failed to map 54525952 bytes for Failed to commit area from 0x0000000711c00000 to 0x0000000715000000 of length 54525952.
# Possible reasons:
#   The system is out of physical RAM or swap space
#   The process is running with CompressedOops enabled, and the Java Heap may be blocking the growth of the native heap
# Possible solutions:
#   Reduce memory load on the system
#   Increase physical memory or swap space
#   Check if swap backing store is full
#   Decrease Java heap size (-Xmx/-Xms)
#   Decrease number of Java threads
#   Decrease Java thread stack sizes (-Xss)
#   Set larger code cache with -XX:ReservedCodeCacheSize=
#   JVM is running with Zero Based Compressed Oops mode in which the Java heap is
#     placed in the first 32GB address space. The Java Heap base address is the
#     maximum limit for the native heap growth. Please use -XX:HeapBaseMinAddress
#     to set the Java Heap base and to place the Java Heap above 32GB virtual address.
# This output file may be truncated or incomplete.
#
#  Out of Memory Error (./src/hotspot/os/windows/os_windows.cpp:3619), pid=604, tid=18748
#
# JRE version: OpenJDK Runtime Environment (11.0.13) (build 11.0.13+0-b1751.21-8125866)
# Java VM: OpenJDK 64-Bit Server VM (11.0.13+0-b1751.21-8125866, mixed mode, tiered, compressed oops, g1 gc, windows-amd64)
# No core dump will be written. Minidumps are not enabled by default on client versions of Windows
#

---------------  S U M M A R Y ------------

Command Line: org.jetbrains.kotlin.cli.jvm.K2JVMCompiler @D:\Android Studio Project\GoFit\app\build\20230514_4279169722758962852.compiler.options

Host: Intel(R) Core(TM) i7-7700HQ CPU @ 2.80GHz, 8 cores, 15G,  Windows 10 , 64 bit Build 19041 (10.0.19041.2364)
Time: Sun May 14 22:07:45 2023 SE Asia Standard Time elapsed time: 8.880516 seconds (0d 0h 0m 8s)

---------------  T H R E A D  ---------------

Current thread (0x000001f9fee67000):  VMThread "VM Thread" [stack: 0x0000006af8400000,0x0000006af8500000] [id=18748]

Stack: [0x0000006af8400000,0x0000006af8500000]
[error occurred during error reporting (printing stack bounds), id 0xc0000005, EXCEPTION_ACCESS_VIOLATION (0xc0000005) at pc=0x000001f9e983112d]

Native frames: (J=compiled Java code, j=interpreted, Vv=VM code, C=native code)
V  [jvm.dll+0x6100fa]
V  [jvm.dll+0x747090]
V  [jvm.dll+0x7486ad]
V  [jvm.dll+0x748ce5]
V  [jvm.dll+0x748c9b]
V  [jvm.dll+0x60f224]
V  [jvm.dll+0x60f9b8]
C  [ntdll.dll+0xa241f]
C  [ntdll.dll+0x514a4]
C  [ntdll.dll+0xa0f4e]
C  0x000001f9e983112d

VM_Operation (0x0000006af7efdda0): CollectForMetadataAllocation, mode: safepoint, requested by thread 0x000001f9e5d0f800


---------------  P R O C E S S  ---------------

Threads class SMR info:
_java_thread_list=0x000001f9886896b0, length=11, elements={
0x000001f9e5d0f800, 0x000001f9fee7a000, 0x000001f9fee80000, 0x000001f9fee89800,
0x000001f9fee8b800, 0x000001f9fee8c800, 0x000001f9ff739000, 0x000001f9ff787000,
0x000001f9ff79d000, 0x000001f9ff911800, 0x000001f9892e3000
}

Java Threads: ( => current thread )
  0x000001f9e5d0f800 JavaThread "main" [_thread_blocked, id=7156, stack(0x0000006af7e00000,0x0000006af7f00000)]
  0x000001f9fee7a000 JavaThread "Reference Handler" daemon [_thread_blocked, id=17832, stack(0x0000006af8500000,0x0000006af8600000)]
  0x000001f9fee80000 JavaThread "Finalizer" daemon [_thread_blocked, id=16216, stack(0x0000006af8600000,0x0000006af8700000)]
  0x000001f9fee89800 JavaThread "Signal Dispatcher" daemon [_thread_blocked, id=11540, stack(0x0000006af8700000,0x0000006af8800000)]
  0x000001f9fee8b800 JavaThread "Attach Listener" daemon [_thread_blocked, id=18292, stack(0x0000006af8800000,0x0000006af8900000)]
  0x000001f9fee8c800 JavaThread "Service Thread" daemon [_thread_blocked, id=9460, stack(0x0000006af8900000,0x0000006af8a00000)]
  0x000001f9ff739000 JavaThread "C2 CompilerThread0" daemon [_thread_blocked, id=14228, stack(0x0000006af8a00000,0x0000006af8b00000)]
  0x000001f9ff787000 JavaThread "C1 CompilerThread0" daemon [_thread_blocked, id=13232, stack(0x0000006af8b00000,0x0000006af8c00000)]
  0x000001f9ff79d000 JavaThread "Sweeper thread" daemon [_thread_blocked, id=404, stack(0x0000006af8c00000,0x0000006af8d00000)]
  0x000001f9ff911800 JavaThread "Common-Cleaner" daemon [_thread_blocked, id=18932, stack(0x0000006af8e00000,0x0000006af8f00000)]
  0x000001f9892e3000 JavaThread "C2 CompilerThread1" daemon [_thread_in_native, id=3588, stack(0x0000006af8f00000,0x0000006af9000000)]

Other Threads:
=>0x000001f9fee67000 VMThread "VM Thread" [stack: 0x0000006af8400000,0x0000006af8500000] [id=18748]
  0x000001f9ff8ff800 WatcherThread [stack: 0x0000006af8d00000,0x0000006af8e00000] [id=18280]
  0x000001f9e5d25800 GCTaskThread "GC Thread#0" [stack: 0x0000006af7f00000,0x0000006af8000000] [id=18060]
  0x000001f986566800 GCTaskThread "GC Thread#1" [stack: 0x0000006af9000000,0x0000006af9100000] [id=1280]
  0x000001f986567000 GCTaskThread "GC Thread#2" [stack: 0x0000006af9100000,0x0000006af9200000] [id=8424]
  0x000001f986519000 GCTaskThread "GC Thread#3" [stack: 0x0000006af9200000,0x0000006af9300000] [id=14512]
  0x000001f98659b800 GCTaskThread "GC Thread#4" [stack: 0x0000006af9300000,0x0000006af9400000] [id=3944]
  0x000001f98659c800 GCTaskThread "GC Thread#5" [stack: 0x0000006af9400000,0x0000006af9500000] [id=16852]
  0x000001f9e5d84800 ConcurrentGCThread "G1 Main Marker" [stack: 0x0000006af8000000,0x0000006af8100000] [id=14744]
  0x000001f9e5d86000 ConcurrentGCThread "G1 Conc#0" [stack: 0x0000006af8100000,0x0000006af8200000] [id=10044]
  0x000001f9864f8800 ConcurrentGCThread "G1 Conc#1" [stack: 0x0000006af9500000,0x0000006af9600000] [id=3932]
  0x000001f9fed48000 ConcurrentGCThread "G1 Refine#0" [stack: 0x0000006af8200000,0x0000006af8300000] [id=4372]
  0x000001f98ac3d800 ConcurrentGCThread "G1 Refine#1" [stack: 0x0000006af9700000,0x0000006af9800000] [id=19860]
  0x000001f9fed49000 ConcurrentGCThread "G1 Young RemSet Sampling" [stack: 0x0000006af8300000,0x0000006af8400000] [id=18804]

Threads with active compile tasks:
C2 CompilerThread0   8894 6262       4       java.util.LinkedHashSet::<init> (27 bytes)
C1 CompilerThread0   8895 6263       3       org.jetbrains.kotlin.resolve.calls.util.CallResolverUtilKt::isOrOverridesSynthesized (118 bytes)
C2 CompilerThread1   8895 5832       4       org.jetbrains.kotlin.load.java.structure.impl.classFiles.BinaryJavaMethodBase$Companion::create (572 bytes)

VM state:at safepoint (normal execution)

VM Mutex/Monitor currently owned by a thread:  ([mutex/lock_event])
[0x000001f9e5d0b7d0] Threads_lock - owner thread: 0x000001f9fee67000
[0x000001f9e5d0caf0] Heap_lock - owner thread: 0x000001f9e5d0f800
[0x000001f9e5d0d090] MethodData_lock - owner thread: 0x000001f9e5d0f800

Heap address: 0x0000000701c00000, size: 4068 MB, Compressed Oops mode: Zero based, Oop shift amount: 3
Narrow klass base: 0x0000000800000000, Narrow klass shift: 0
Compressed class space size: 1073741824 Address: 0x0000000800000000

Heap:
 garbage-first heap   total 315392K, used 50473K [0x0000000701c00000, 0x0000000800000000)
  region size 1024K, 16 young (16384K), 16 survivors (16384K)
 Metaspace       used 59496K, capacity 60196K, committed 60316K, reserved 1101824K
  class space    used 6838K, capacity 7159K, committed 7244K, reserved 1048576K
Heap Regions: E=young(eden), S=young(survivor), O=old, HS=humongous(starts), HC=humongous(continues), CS=collection set, F=free, A=archive, TAMS=top-at-mark-start (previous, next)
|   0|0x0000000701c00000, 0x0000000701d00000, 0x0000000701d00000|100%|HS|  |TAMS 0x0000000701d00000, 0x0000000701d00000| Complete 
|   1|0x0000000701d00000, 0x0000000701e00000, 0x0000000701e00000|100%|HC|  |TAMS 0x0000000701e00000, 0x0000000701e00000| Complete 
|   2|0x0000000701e00000, 0x0000000701f00000, 0x0000000701f00000|100%|HC|  |TAMS 0x0000000701f00000, 0x0000000701f00000| Complete 
|   3|0x0000000701f00000, 0x0000000702000000, 0x0000000702000000|100%|HC|  |TAMS 0x0000000702000000, 0x0000000702000000| Complete 
|   4|0x0000000702000000, 0x0000000702100000, 0x0000000702100000|100%| O|  |TAMS 0x0000000702100000, 0x0000000702100000| Untracked 
|   5|0x0000000702100000, 0x0000000702200000, 0x0000000702200000|100%| O|  |TAMS 0x0000000702200000, 0x0000000702200000| Untracked 
|   6|0x0000000702200000, 0x0000000702300000, 0x0000000702300000|100%|HS|  |TAMS 0x0000000702300000, 0x0000000702300000| Complete 
|   7|0x0000000702300000, 0x0000000702400000, 0x0000000702400000|100%|HC|  |TAMS 0x0000000702400000, 0x0000000702400000| Complete 
|   8|0x0000000702400000, 0x0000000702500000, 0x0000000702500000|100%|HC|  |TAMS 0x0000000702500000, 0x0000000702500000| Complete 
|   9|0x0000000702500000, 0x0000000702600000, 0x0000000702600000|100%|HC|  |TAMS 0x0000000702600000, 0x0000000702600000| Complete 
|  10|0x0000000702600000, 0x0000000702700000, 0x0000000702700000|100%| O|  |TAMS 0x0000000702700000, 0x0000000702700000| Untracked 
|  11|0x0000000702700000, 0x0000000702800000, 0x0000000702800000|100%| O|  |TAMS 0x0000000702800000, 0x0000000702800000| Untracked 
|  12|0x0000000702800000, 0x0000000702900000, 0x0000000702900000|100%| O|  |TAMS 0x0000000702900000, 0x0000000702900000| Untracked 
|  13|0x0000000702900000, 0x0000000702a00000, 0x0000000702a00000|100%| O|  |TAMS 0x0000000702a00000, 0x0000000702a00000| Untracked 
|  14|0x0000000702a00000, 0x0000000702b00000, 0x0000000702b00000|100%| O|  |TAMS 0x0000000702b00000, 0x0000000702b00000| Untracked 
|  15|0x0000000702b00000, 0x0000000702b00000, 0x0000000702c00000|  0%| F|  |TAMS 0x0000000702b00000, 0x0000000702b00000| Untracked 
|  16|0x0000000702c00000, 0x0000000702d00000, 0x0000000702d00000|100%| O|  |TAMS 0x0000000702c00000, 0x0000000702d00000| Untracked 
|  17|0x0000000702d00000, 0x0000000702e00000, 0x0000000702e00000|100%| O|  |TAMS 0x0000000702e00000, 0x0000000702e00000| Untracked 
|  18|0x0000000702e00000, 0x0000000702f00000, 0x0000000702f00000|100%| O|  |TAMS 0x0000000702f00000, 0x0000000702f00000| Untracked 
|  19|0x0000000702f00000, 0x0000000703000000, 0x0000000703000000|100%| O|  |TAMS 0x0000000703000000, 0x0000000703000000| Untracked 
|  20|0x0000000703000000, 0x0000000703100000, 0x0000000703100000|100%| O|  |TAMS 0x0000000703100000, 0x0000000703100000| Untracked 
|  21|0x0000000703100000, 0x0000000703200000, 0x0000000703200000|100%| O|  |TAMS 0x0000000703200000, 0x0000000703200000| Untracked 
|  22|0x0000000703200000, 0x0000000703300000, 0x0000000703300000|100%| O|  |TAMS 0x0000000703245400, 0x0000000703300000| Untracked 
|  23|0x0000000703300000, 0x0000000703400000, 0x0000000703400000|100%|HS|  |TAMS 0x0000000703300000, 0x0000000703400000| Complete 
|  24|0x0000000703400000, 0x0000000703500000, 0x0000000703500000|100%|HC|  |TAMS 0x0000000703400000, 0x0000000703500000| Complete 
|  25|0x0000000703500000, 0x0000000703600000, 0x0000000703600000|100%| O|  |TAMS 0x0000000703500000, 0x0000000703600000| Untracked 
|  26|0x0000000703600000, 0x0000000703700000, 0x0000000703700000|100%| O|  |TAMS 0x0000000703600000, 0x0000000703700000| Untracked 
|  27|0x0000000703700000, 0x0000000703800000, 0x0000000703800000|100%| O|  |TAMS 0x0000000703700000, 0x0000000703800000| Untracked 
|  28|0x0000000703800000, 0x0000000703900000, 0x0000000703900000|100%| O|  |TAMS 0x0000000703800000, 0x0000000703900000| Untracked 
|  29|0x0000000703900000, 0x0000000703a00000, 0x0000000703a00000|100%| O|  |TAMS 0x0000000703900000, 0x0000000703a00000| Untracked 
|  30|0x0000000703a00000, 0x0000000703b00000, 0x0000000703b00000|100%| O|  |TAMS 0x0000000703a00000, 0x0000000703b00000| Untracked 
|  31|0x0000000703b00000, 0x0000000703c00000, 0x0000000703c00000|100%| O|  |TAMS 0x0000000703b00000, 0x0000000703c00000| Untracked 
|  32|0x0000000703c00000, 0x0000000703d00000, 0x0000000703d00000|100%| O|  |TAMS 0x0000000703c00000, 0x0000000703d00000| Untracked 
|  33|0x0000000703d00000, 0x0000000703e00000, 0x0000000703e00000|100%| O|  |TAMS 0x0000000703d00000, 0x0000000703e00000| Untracked 
|  34|0x0000000703e00000, 0x0000000703e4a600, 0x0000000703f00000| 29%| O|  |TAMS 0x0000000703e00000, 0x0000000703e4a600| Untracked 
|  35|0x0000000703f00000, 0x0000000703f00000, 0x0000000704000000|  0%| F|  |TAMS 0x0000000703f00000, 0x0000000703f00000| Untracked 
|  36|0x0000000704000000, 0x0000000704000000, 0x0000000704100000|  0%| F|  |TAMS 0x0000000704000000, 0x0000000704000000| Untracked 
|  37|0x0000000704100000, 0x0000000704100000, 0x0000000704200000|  0%| F|  |TAMS 0x0000000704100000, 0x0000000704100000| Untracked 
|  38|0x0000000704200000, 0x0000000704200000, 0x0000000704300000|  0%| F|  |TAMS 0x0000000704200000, 0x0000000704200000| Untracked 
|  39|0x0000000704300000, 0x0000000704300000, 0x0000000704400000|  0%| F|  |TAMS 0x0000000704300000, 0x0000000704300000| Untracked 
|  40|0x0000000704400000, 0x0000000704400000, 0x0000000704500000|  0%| F|  |TAMS 0x0000000704400000, 0x0000000704400000| Untracked 
|  41|0x0000000704500000, 0x0000000704500000, 0x0000000704600000|  0%| F|  |TAMS 0x0000000704500000, 0x0000000704500000| Untracked 
|  42|0x0000000704600000, 0x0000000704600000, 0x0000000704700000|  0%| F|  |TAMS 0x0000000704600000, 0x0000000704600000| Untracked 
|  43|0x0000000704700000, 0x0000000704700000, 0x0000000704800000|  0%| F|  |TAMS 0x0000000704700000, 0x0000000704700000| Untracked 
|  44|0x0000000704800000, 0x0000000704800000, 0x0000000704900000|  0%| F|  |TAMS 0x0000000704800000, 0x0000000704800000| Untracked 
|  45|0x0000000704900000, 0x0000000704900000, 0x0000000704a00000|  0%| F|  |TAMS 0x0000000704900000, 0x0000000704900000| Untracked 
|  46|0x0000000704a00000, 0x0000000704a00000, 0x0000000704b00000|  0%| F|  |TAMS 0x0000000704a00000, 0x0000000704a00000| Untracked 
|  47|0x0000000704b00000, 0x0000000704b00000, 0x0000000704c00000|  0%| F|  |TAMS 0x0000000704b00000, 0x0000000704b00000| Untracked 
|  48|0x0000000704c00000, 0x0000000704c00000, 0x0000000704d00000|  0%| F|  |TAMS 0x0000000704c00000, 0x0000000704c00000| Untracked 
|  49|0x0000000704d00000, 0x0000000704d00000, 0x0000000704e00000|  0%| F|  |TAMS 0x0000000704d00000, 0x0000000704d00000| Untracked 
|  50|0x0000000704e00000, 0x0000000704e00000, 0x0000000704f00000|  0%| F|  |TAMS 0x0000000704e00000, 0x0000000704e00000| Untracked 
|  51|0x0000000704f00000, 0x0000000704f00000, 0x0000000705000000|  0%| F|  |TAMS 0x0000000704f00000, 0x0000000704f00000| Untracked 
|  52|0x0000000705000000, 0x0000000705000000, 0x0000000705100000|  0%| F|  |TAMS 0x0000000705000000, 0x0000000705000000| Untracked 
|  53|0x0000000705100000, 0x0000000705100000, 0x0000000705200000|  0%| F|  |TAMS 0x0000000705100000, 0x0000000705100000| Untracked 
|  54|0x0000000705200000, 0x0000000705200000, 0x0000000705300000|  0%| F|  |TAMS 0x0000000705200000, 0x0000000705200000| Untracked 
|  55|0x0000000705300000, 0x0000000705300000, 0x0000000705400000|  0%| F|  |TAMS 0x0000000705300000, 0x0000000705300000| Untracked 
|  56|0x0000000705400000, 0x0000000705400000, 0x0000000705500000|  0%| F|  |TAMS 0x0000000705400000, 0x0000000705400000| Untracked 
|  57|0x0000000705500000, 0x0000000705500000, 0x0000000705600000|  0%| F|  |TAMS 0x0000000705500000, 0x0000000705500000| Untracked 
|  58|0x0000000705600000, 0x0000000705600000, 0x0000000705700000|  0%| F|  |TAMS 0x0000000705600000, 0x0000000705600000| Untracked 
|  59|0x0000000705700000, 0x0000000705700000, 0x0000000705800000|  0%| F|  |TAMS 0x0000000705700000, 0x0000000705700000| Untracked 
|  60|0x0000000705800000, 0x0000000705800000, 0x0000000705900000|  0%| F|  |TAMS 0x0000000705800000, 0x0000000705800000| Untracked 
|  61|0x0000000705900000, 0x0000000705900000, 0x0000000705a00000|  0%| F|  |TAMS 0x0000000705900000, 0x0000000705900000| Untracked 
|  62|0x0000000705a00000, 0x0000000705a00000, 0x0000000705b00000|  0%| F|  |TAMS 0x0000000705a00000, 0x0000000705a00000| Untracked 
|  63|0x0000000705b00000, 0x0000000705b00000, 0x0000000705c00000|  0%| F|  |TAMS 0x0000000705b00000, 0x0000000705b00000| Untracked 
|  64|0x0000000705c00000, 0x0000000705c00000, 0x0000000705d00000|  0%| F|  |TAMS 0x0000000705c00000, 0x0000000705c00000| Untracked 
|  65|0x0000000705d00000, 0x0000000705d00000, 0x0000000705e00000|  0%| F|  |TAMS 0x0000000705d00000, 0x0000000705d00000| Untracked 
|  66|0x0000000705e00000, 0x0000000705e00000, 0x0000000705f00000|  0%| F|  |TAMS 0x0000000705e00000, 0x0000000705e00000| Untracked 
|  67|0x0000000705f00000, 0x0000000705f00000, 0x0000000706000000|  0%| F|  |TAMS 0x0000000705f00000, 0x0000000705f00000| Untracked 
|  68|0x0000000706000000, 0x0000000706000000, 0x0000000706100000|  0%| F|  |TAMS 0x0000000706000000, 0x0000000706000000| Untracked 
|  69|0x0000000706100000, 0x0000000706100000, 0x0000000706200000|  0%| F|  |TAMS 0x0000000706100000, 0x0000000706100000| Untracked 
|  70|0x0000000706200000, 0x0000000706200000, 0x0000000706300000|  0%| F|  |TAMS 0x0000000706200000, 0x0000000706200000| Untracked 
|  71|0x0000000706300000, 0x0000000706300000, 0x0000000706400000|  0%| F|  |TAMS 0x0000000706300000, 0x0000000706300000| Untracked 
|  72|0x0000000706400000, 0x0000000706400000, 0x0000000706500000|  0%| F|  |TAMS 0x0000000706400000, 0x0000000706400000| Untracked 
|  73|0x0000000706500000, 0x0000000706500000, 0x0000000706600000|  0%| F|  |TAMS 0x0000000706500000, 0x0000000706500000| Untracked 
|  74|0x0000000706600000, 0x0000000706600000, 0x0000000706700000|  0%| F|  |TAMS 0x0000000706600000, 0x0000000706600000| Untracked 
|  75|0x0000000706700000, 0x0000000706700000, 0x0000000706800000|  0%| F|  |TAMS 0x0000000706700000, 0x0000000706700000| Untracked 
|  76|0x0000000706800000, 0x0000000706800000, 0x0000000706900000|  0%| F|  |TAMS 0x0000000706800000, 0x0000000706800000| Untracked 
|  77|0x0000000706900000, 0x0000000706900000, 0x0000000706a00000|  0%| F|  |TAMS 0x0000000706900000, 0x0000000706900000| Untracked 
|  78|0x0000000706a00000, 0x0000000706a00000, 0x0000000706b00000|  0%| F|  |TAMS 0x0000000706a00000, 0x0000000706a00000| Untracked 
|  79|0x0000000706b00000, 0x0000000706b00000, 0x0000000706c00000|  0%| F|  |TAMS 0x0000000706b00000, 0x0000000706b00000| Untracked 
|  80|0x0000000706c00000, 0x0000000706c00000, 0x0000000706d00000|  0%| F|  |TAMS 0x0000000706c00000, 0x0000000706c00000| Untracked 
|  81|0x0000000706d00000, 0x0000000706d00000, 0x0000000706e00000|  0%| F|  |TAMS 0x0000000706d00000, 0x0000000706d00000| Untracked 
|  82|0x0000000706e00000, 0x0000000706e00000, 0x0000000706f00000|  0%| F|  |TAMS 0x0000000706e00000, 0x0000000706e00000| Untracked 
|  83|0x0000000706f00000, 0x0000000706f00000, 0x0000000707000000|  0%| F|  |TAMS 0x0000000706f00000, 0x0000000706f00000| Untracked 
|  84|0x0000000707000000, 0x0000000707000000, 0x0000000707100000|  0%| F|  |TAMS 0x0000000707000000, 0x0000000707000000| Untracked 
|  85|0x0000000707100000, 0x0000000707100000, 0x0000000707200000|  0%| F|  |TAMS 0x0000000707100000, 0x0000000707100000| Untracked 
|  86|0x0000000707200000, 0x0000000707200000, 0x0000000707300000|  0%| F|  |TAMS 0x0000000707200000, 0x0000000707200000| Untracked 
|  87|0x0000000707300000, 0x0000000707300000, 0x0000000707400000|  0%| F|  |TAMS 0x0000000707300000, 0x0000000707300000| Untracked 
|  88|0x0000000707400000, 0x0000000707400000, 0x0000000707500000|  0%| F|  |TAMS 0x0000000707400000, 0x0000000707400000| Untracked 
|  89|0x0000000707500000, 0x0000000707500000, 0x0000000707600000|  0%| F|  |TAMS 0x0000000707500000, 0x0000000707500000| Untracked 
|  90|0x0000000707600000, 0x0000000707600000, 0x0000000707700000|  0%| F|  |TAMS 0x0000000707600000, 0x0000000707600000| Untracked 
|  91|0x0000000707700000, 0x0000000707700000, 0x0000000707800000|  0%| F|  |TAMS 0x0000000707700000, 0x0000000707700000| Untracked 
|  92|0x0000000707800000, 0x0000000707800000, 0x0000000707900000|  0%| F|  |TAMS 0x0000000707800000, 0x0000000707800000| Untracked 
|  93|0x0000000707900000, 0x0000000707900000, 0x0000000707a00000|  0%| F|  |TAMS 0x0000000707900000, 0x0000000707900000| Untracked 
|  94|0x0000000707a00000, 0x0000000707a00000, 0x0000000707b00000|  0%| F|  |TAMS 0x0000000707a00000, 0x0000000707a00000| Untracked 
|  95|0x0000000707b00000, 0x0000000707b00000, 0x0000000707c00000|  0%| F|  |TAMS 0x0000000707b00000, 0x0000000707b00000| Untracked 
|  96|0x0000000707c00000, 0x0000000707c00000, 0x0000000707d00000|  0%| F|  |TAMS 0x0000000707c00000, 0x0000000707c00000| Untracked 
|  97|0x0000000707d00000, 0x0000000707d00000, 0x0000000707e00000|  0%| F|  |TAMS 0x0000000707d00000, 0x0000000707d00000| Untracked 
|  98|0x0000000707e00000, 0x0000000707e00000, 0x0000000707f00000|  0%| F|  |TAMS 0x0000000707e00000, 0x0000000707e00000| Untracked 
|  99|0x0000000707f00000, 0x0000000707f00000, 0x0000000708000000|  0%| F|  |TAMS 0x0000000707f00000, 0x0000000707f00000| Untracked 
| 100|0x0000000708000000, 0x0000000708000000, 0x0000000708100000|  0%| F|  |TAMS 0x0000000708000000, 0x0000000708000000| Untracked 
| 101|0x0000000708100000, 0x0000000708100000, 0x0000000708200000|  0%| F|  |TAMS 0x0000000708100000, 0x0000000708100000| Untracked 
| 102|0x0000000708200000, 0x0000000708200000, 0x0000000708300000|  0%| F|  |TAMS 0x0000000708200000, 0x0000000708200000| Untracked 
| 103|0x0000000708300000, 0x0000000708300000, 0x0000000708400000|  0%| F|  |TAMS 0x0000000708300000, 0x0000000708300000| Untracked 
| 104|0x0000000708400000, 0x0000000708400000, 0x0000000708500000|  0%| F|  |TAMS 0x0000000708400000, 0x0000000708400000| Untracked 
| 105|0x0000000708500000, 0x0000000708500000, 0x0000000708600000|  0%| F|  |TAMS 0x0000000708500000, 0x0000000708500000| Untracked 
| 106|0x0000000708600000, 0x0000000708600000, 0x0000000708700000|  0%| F|  |TAMS 0x0000000708600000, 0x0000000708600000| Untracked 
| 107|0x0000000708700000, 0x0000000708700000, 0x0000000708800000|  0%| F|  |TAMS 0x0000000708700000, 0x0000000708700000| Untracked 
| 108|0x0000000708800000, 0x0000000708800000, 0x0000000708900000|  0%| F|  |TAMS 0x0000000708800000, 0x0000000708800000| Untracked 
| 109|0x0000000708900000, 0x0000000708900000, 0x0000000708a00000|  0%| F|  |TAMS 0x0000000708900000, 0x0000000708900000| Untracked 
| 110|0x0000000708a00000, 0x0000000708a00000, 0x0000000708b00000|  0%| F|  |TAMS 0x0000000708a00000, 0x0000000708a00000| Untracked 
| 111|0x0000000708b00000, 0x0000000708b00000, 0x0000000708c00000|  0%| F|  |TAMS 0x0000000708b00000, 0x0000000708b00000| Untracked 
| 112|0x0000000708c00000, 0x0000000708c00000, 0x0000000708d00000|  0%| F|  |TAMS 0x0000000708c00000, 0x0000000708c00000| Untracked 
| 113|0x0000000708d00000, 0x0000000708d00000, 0x0000000708e00000|  0%| F|  |TAMS 0x0000000708d00000, 0x0000000708d00000| Untracked 
| 114|0x0000000708e00000, 0x0000000708e00000, 0x0000000708f00000|  0%| F|  |TAMS 0x0000000708e00000, 0x0000000708e00000| Untracked 
| 115|0x0000000708f00000, 0x0000000708f00000, 0x0000000709000000|  0%| F|  |TAMS 0x0000000708f00000, 0x0000000708f00000| Untracked 
| 116|0x0000000709000000, 0x0000000709000000, 0x0000000709100000|  0%| F|  |TAMS 0x0000000709000000, 0x0000000709000000| Untracked 
| 117|0x0000000709100000, 0x0000000709100000, 0x0000000709200000|  0%| F|  |TAMS 0x0000000709100000, 0x0000000709100000| Untracked 
| 118|0x0000000709200000, 0x0000000709200000, 0x0000000709300000|  0%| F|  |TAMS 0x0000000709200000, 0x0000000709200000| Untracked 
| 119|0x0000000709300000, 0x0000000709300000, 0x0000000709400000|  0%| F|  |TAMS 0x0000000709300000, 0x0000000709300000| Untracked 
| 120|0x0000000709400000, 0x0000000709400000, 0x0000000709500000|  0%| F|  |TAMS 0x0000000709400000, 0x0000000709400000| Untracked 
| 121|0x0000000709500000, 0x0000000709500000, 0x0000000709600000|  0%| F|  |TAMS 0x0000000709500000, 0x0000000709500000| Untracked 
| 122|0x0000000709600000, 0x0000000709600000, 0x0000000709700000|  0%| F|  |TAMS 0x0000000709600000, 0x0000000709600000| Untracked 
| 123|0x0000000709700000, 0x0000000709700000, 0x0000000709800000|  0%| F|  |TAMS 0x0000000709700000, 0x0000000709700000| Untracked 
| 124|0x0000000709800000, 0x0000000709800000, 0x0000000709900000|  0%| F|  |TAMS 0x0000000709800000, 0x0000000709800000| Untracked 
| 125|0x0000000709900000, 0x0000000709900000, 0x0000000709a00000|  0%| F|  |TAMS 0x0000000709900000, 0x0000000709900000| Untracked 
| 126|0x0000000709a00000, 0x0000000709b00000, 0x0000000709b00000|100%| S|CS|TAMS 0x0000000709a00000, 0x0000000709a00000| Complete 
| 127|0x0000000709b00000, 0x0000000709c00000, 0x0000000709c00000|100%| S|CS|TAMS 0x0000000709b00000, 0x0000000709b00000| Complete 
| 128|0x0000000709c00000, 0x0000000709d00000, 0x0000000709d00000|100%| S|CS|TAMS 0x0000000709c00000, 0x0000000709c00000| Complete 
| 129|0x0000000709d00000, 0x0000000709e00000, 0x0000000709e00000|100%| S|CS|TAMS 0x0000000709d00000, 0x0000000709d00000| Complete 
| 130|0x0000000709e00000, 0x0000000709f00000, 0x0000000709f00000|100%| S|CS|TAMS 0x0000000709e00000, 0x0000000709e00000| Complete 
| 131|0x0000000709f00000, 0x000000070a000000, 0x000000070a000000|100%| S|CS|TAMS 0x0000000709f00000, 0x0000000709f00000| Complete 
| 132|0x000000070a000000, 0x000000070a100000, 0x000000070a100000|100%| S|CS|TAMS 0x000000070a000000, 0x000000070a000000| Complete 
| 133|0x000000070a100000, 0x000000070a200000, 0x000000070a200000|100%| S|CS|TAMS 0x000000070a100000, 0x000000070a100000| Complete 
| 134|0x000000070a200000, 0x000000070a300000, 0x000000070a300000|100%| S|CS|TAMS 0x000000070a200000, 0x000000070a200000| Complete 
| 135|0x000000070a300000, 0x000000070a400000, 0x000000070a400000|100%| S|CS|TAMS 0x000000070a300000, 0x000000070a300000| Complete 
| 136|0x000000070a400000, 0x000000070a500000, 0x000000070a500000|100%| S|CS|TAMS 0x000000070a400000, 0x000000070a400000| Complete 
| 137|0x000000070a500000, 0x000000070a600000, 0x000000070a600000|100%| S|CS|TAMS 0x000000070a500000, 0x000000070a500000| Complete 
| 138|0x000000070a600000, 0x000000070a700000, 0x000000070a700000|100%| S|CS|TAMS 0x000000070a600000, 0x000000070a600000| Complete 
| 139|0x000000070a700000, 0x000000070a800000, 0x000000070a800000|100%| S|CS|TAMS 0x000000070a700000, 0x000000070a700000| Complete 
| 140|0x000000070a800000, 0x000000070a900000, 0x000000070a900000|100%| S|CS|TAMS 0x000000070a800000, 0x000000070a800000| Complete 
| 141|0x000000070a900000, 0x000000070aa00000, 0x000000070aa00000|100%| S|CS|TAMS 0x000000070a900000, 0x000000070a900000| Complete 
| 142|0x000000070aa00000, 0x000000070aa00000, 0x000000070ab00000|  0%| F|  |TAMS 0x000000070aa00000, 0x000000070aa00000| Untracked 
| 143|0x000000070ab00000, 0x000000070ab00000, 0x000000070ac00000|  0%| F|  |TAMS 0x000000070ab00000, 0x000000070ab00000| Untracked 
| 144|0x000000070ac00000, 0x000000070ac00000, 0x000000070ad00000|  0%| F|  |TAMS 0x000000070ac00000, 0x000000070ac00000| Untracked 
| 145|0x000000070ad00000, 0x000000070ad00000, 0x000000070ae00000|  0%| F|  |TAMS 0x000000070ad00000, 0x000000070ad00000| Untracked 
| 146|0x000000070ae00000, 0x000000070ae00000, 0x000000070af00000|  0%| F|  |TAMS 0x000000070ae00000, 0x000000070ae00000| Untracked 
| 147|0x000000070af00000, 0x000000070af00000, 0x000000070b000000|  0%| F|  |TAMS 0x000000070af00000, 0x000000070af00000| Untracked 
| 148|0x000000070b000000, 0x000000070b000000, 0x000000070b100000|  0%| F|  |TAMS 0x000000070b000000, 0x000000070b000000| Untracked 
| 149|0x000000070b100000, 0x000000070b100000, 0x000000070b200000|  0%| F|  |TAMS 0x000000070b100000, 0x000000070b100000| Untracked 
| 150|0x000000070b200000, 0x000000070b200000, 0x000000070b300000|  0%| F|  |TAMS 0x000000070b200000, 0x000000070b200000| Untracked 
| 151|0x000000070b300000, 0x000000070b300000, 0x000000070b400000|  0%| F|  |TAMS 0x000000070b300000, 0x000000070b300000| Untracked 
| 152|0x000000070b400000, 0x000000070b400000, 0x000000070b500000|  0%| F|  |TAMS 0x000000070b400000, 0x000000070b400000| Untracked 
| 153|0x000000070b500000, 0x000000070b500000, 0x000000070b600000|  0%| F|  |TAMS 0x000000070b500000, 0x000000070b500000| Untracked 
| 154|0x000000070b600000, 0x000000070b600000, 0x000000070b700000|  0%| F|  |TAMS 0x000000070b600000, 0x000000070b600000| Untracked 
| 155|0x000000070b700000, 0x000000070b700000, 0x000000070b800000|  0%| F|  |TAMS 0x000000070b700000, 0x000000070b700000| Untracked 
| 156|0x000000070b800000, 0x000000070b800000, 0x000000070b900000|  0%| F|  |TAMS 0x000000070b800000, 0x000000070b800000| Untracked 
| 157|0x000000070b900000, 0x000000070b900000, 0x000000070ba00000|  0%| F|  |TAMS 0x000000070b900000, 0x000000070b900000| Untracked 
| 158|0x000000070ba00000, 0x000000070ba00000, 0x000000070bb00000|  0%| F|  |TAMS 0x000000070ba00000, 0x000000070ba00000| Untracked 
| 159|0x000000070bb00000, 0x000000070bb00000, 0x000000070bc00000|  0%| F|  |TAMS 0x000000070bb00000, 0x000000070bb00000| Untracked 
| 160|0x000000070bc00000, 0x000000070bc00000, 0x000000070bd00000|  0%| F|  |TAMS 0x000000070bc00000, 0x000000070bc00000| Untracked 
| 161|0x000000070bd00000, 0x000000070bd00000, 0x000000070be00000|  0%| F|  |TAMS 0x000000070bd00000, 0x000000070bd00000| Untracked 
| 162|0x000000070be00000, 0x000000070be00000, 0x000000070bf00000|  0%| F|  |TAMS 0x000000070be00000, 0x000000070be00000| Untracked 
| 163|0x000000070bf00000, 0x000000070bf00000, 0x000000070c000000|  0%| F|  |TAMS 0x000000070bf00000, 0x000000070bf00000| Untracked 
| 164|0x000000070c000000, 0x000000070c000000, 0x000000070c100000|  0%| F|  |TAMS 0x000000070c000000, 0x000000070c000000| Untracked 
| 165|0x000000070c100000, 0x000000070c100000, 0x000000070c200000|  0%| F|  |TAMS 0x000000070c100000, 0x000000070c100000| Untracked 
| 166|0x000000070c200000, 0x000000070c200000, 0x000000070c300000|  0%| F|  |TAMS 0x000000070c200000, 0x000000070c200000| Untracked 
| 167|0x000000070c300000, 0x000000070c300000, 0x000000070c400000|  0%| F|  |TAMS 0x000000070c300000, 0x000000070c300000| Untracked 
| 168|0x000000070c400000, 0x000000070c400000, 0x000000070c500000|  0%| F|  |TAMS 0x000000070c400000, 0x000000070c400000| Untracked 
| 169|0x000000070c500000, 0x000000070c500000, 0x000000070c600000|  0%| F|  |TAMS 0x000000070c500000, 0x000000070c500000| Untracked 
| 170|0x000000070c600000, 0x000000070c600000, 0x000000070c700000|  0%| F|  |TAMS 0x000000070c600000, 0x000000070c600000| Untracked 
| 171|0x000000070c700000, 0x000000070c700000, 0x000000070c800000|  0%| F|  |TAMS 0x000000070c700000, 0x000000070c700000| Untracked 
| 172|0x000000070c800000, 0x000000070c800000, 0x000000070c900000|  0%| F|  |TAMS 0x000000070c800000, 0x000000070c800000| Untracked 
| 173|0x000000070c900000, 0x000000070c900000, 0x000000070ca00000|  0%| F|  |TAMS 0x000000070c900000, 0x000000070c900000| Untracked 
| 174|0x000000070ca00000, 0x000000070ca00000, 0x000000070cb00000|  0%| F|  |TAMS 0x000000070ca00000, 0x000000070ca00000| Untracked 
| 175|0x000000070cb00000, 0x000000070cb00000, 0x000000070cc00000|  0%| F|  |TAMS 0x000000070cb00000, 0x000000070cb00000| Untracked 
| 176|0x000000070cc00000, 0x000000070cc00000, 0x000000070cd00000|  0%| F|  |TAMS 0x000000070cc00000, 0x000000070cc00000| Untracked 
| 177|0x000000070cd00000, 0x000000070cd00000, 0x000000070ce00000|  0%| F|  |TAMS 0x000000070cd00000, 0x000000070cd00000| Untracked 
| 178|0x000000070ce00000, 0x000000070ce00000, 0x000000070cf00000|  0%| F|  |TAMS 0x000000070ce00000, 0x000000070ce00000| Untracked 
| 179|0x000000070cf00000, 0x000000070cf00000, 0x000000070d000000|  0%| F|  |TAMS 0x000000070cf00000, 0x000000070cf00000| Untracked 
| 180|0x000000070d000000, 0x000000070d000000, 0x000000070d100000|  0%| F|  |TAMS 0x000000070d000000, 0x000000070d000000| Untracked 
| 181|0x000000070d100000, 0x000000070d100000, 0x000000070d200000|  0%| F|  |TAMS 0x000000070d100000, 0x000000070d100000| Untracked 
| 182|0x000000070d200000, 0x000000070d200000, 0x000000070d300000|  0%| F|  |TAMS 0x000000070d200000, 0x000000070d200000| Untracked 
| 183|0x000000070d300000, 0x000000070d300000, 0x000000070d400000|  0%| F|  |TAMS 0x000000070d300000, 0x000000070d300000| Untracked 
| 184|0x000000070d400000, 0x000000070d400000, 0x000000070d500000|  0%| F|  |TAMS 0x000000070d400000, 0x000000070d400000| Untracked 
| 185|0x000000070d500000, 0x000000070d500000, 0x000000070d600000|  0%| F|  |TAMS 0x000000070d500000, 0x000000070d500000| Untracked 
| 186|0x000000070d600000, 0x000000070d600000, 0x000000070d700000|  0%| F|  |TAMS 0x000000070d600000, 0x000000070d600000| Untracked 
| 187|0x000000070d700000, 0x000000070d700000, 0x000000070d800000|  0%| F|  |TAMS 0x000000070d700000, 0x000000070d700000| Untracked 
| 188|0x000000070d800000, 0x000000070d800000, 0x000000070d900000|  0%| F|  |TAMS 0x000000070d800000, 0x000000070d800000| Untracked 
| 189|0x000000070d900000, 0x000000070d900000, 0x000000070da00000|  0%| F|  |TAMS 0x000000070d900000, 0x000000070d900000| Untracked 
| 190|0x000000070da00000, 0x000000070da00000, 0x000000070db00000|  0%| F|  |TAMS 0x000000070da00000, 0x000000070da00000| Untracked 
| 191|0x000000070db00000, 0x000000070db00000, 0x000000070dc00000|  0%| F|  |TAMS 0x000000070db00000, 0x000000070db00000| Untracked 
| 192|0x000000070dc00000, 0x000000070dc00000, 0x000000070dd00000|  0%| F|  |TAMS 0x000000070dc00000, 0x000000070dc00000| Untracked 
| 193|0x000000070dd00000, 0x000000070dd00000, 0x000000070de00000|  0%| F|  |TAMS 0x000000070dd00000, 0x000000070dd00000| Untracked 
| 194|0x000000070de00000, 0x000000070de00000, 0x000000070df00000|  0%| F|  |TAMS 0x000000070de00000, 0x000000070de00000| Untracked 
| 195|0x000000070df00000, 0x000000070df00000, 0x000000070e000000|  0%| F|  |TAMS 0x000000070df00000, 0x000000070df00000| Untracked 
| 196|0x000000070e000000, 0x000000070e000000, 0x000000070e100000|  0%| F|  |TAMS 0x000000070e000000, 0x000000070e000000| Untracked 
| 197|0x000000070e100000, 0x000000070e100000, 0x000000070e200000|  0%| F|  |TAMS 0x000000070e100000, 0x000000070e100000| Untracked 
| 198|0x000000070e200000, 0x000000070e200000, 0x000000070e300000|  0%| F|  |TAMS 0x000000070e200000, 0x000000070e200000| Untracked 
| 199|0x000000070e300000, 0x000000070e300000, 0x000000070e400000|  0%| F|  |TAMS 0x000000070e300000, 0x000000070e300000| Untracked 
| 200|0x000000070e400000, 0x000000070e400000, 0x000000070e500000|  0%| F|  |TAMS 0x000000070e400000, 0x000000070e400000| Untracked 
| 201|0x000000070e500000, 0x000000070e500000, 0x000000070e600000|  0%| F|  |TAMS 0x000000070e500000, 0x000000070e500000| Untracked 
| 202|0x000000070e600000, 0x000000070e600000, 0x000000070e700000|  0%| F|  |TAMS 0x000000070e600000, 0x000000070e600000| Untracked 
| 203|0x000000070e700000, 0x000000070e700000, 0x000000070e800000|  0%| F|  |TAMS 0x000000070e700000, 0x000000070e700000| Untracked 
| 204|0x000000070e800000, 0x000000070e800000, 0x000000070e900000|  0%| F|  |TAMS 0x000000070e800000, 0x000000070e800000| Untracked 
| 205|0x000000070e900000, 0x000000070e900000, 0x000000070ea00000|  0%| F|  |TAMS 0x000000070e900000, 0x000000070e900000| Untracked 
| 206|0x000000070ea00000, 0x000000070ea00000, 0x000000070eb00000|  0%| F|  |TAMS 0x000000070ea00000, 0x000000070ea00000| Untracked 
| 207|0x000000070eb00000, 0x000000070eb00000, 0x000000070ec00000|  0%| F|  |TAMS 0x000000070eb00000, 0x000000070eb00000| Untracked 
| 208|0x000000070ec00000, 0x000000070ec00000, 0x000000070ed00000|  0%| F|  |TAMS 0x000000070ec00000, 0x000000070ec00000| Untracked 
| 209|0x000000070ed00000, 0x000000070ed00000, 0x000000070ee00000|  0%| F|  |TAMS 0x000000070ed00000, 0x000000070ed00000| Untracked 
| 210|0x000000070ee00000, 0x000000070ee00000, 0x000000070ef00000|  0%| F|  |TAMS 0x000000070ee00000, 0x000000070ee00000| Untracked 
| 211|0x000000070ef00000, 0x000000070ef00000, 0x000000070f000000|  0%| F|  |TAMS 0x000000070ef00000, 0x000000070ef00000| Untracked 
| 212|0x000000070f000000, 0x000000070f000000, 0x000000070f100000|  0%| F|  |TAMS 0x000000070f000000, 0x000000070f000000| Untracked 
| 213|0x000000070f100000, 0x000000070f100000, 0x000000070f200000|  0%| F|  |TAMS 0x000000070f100000, 0x000000070f100000| Untracked 
| 214|0x000000070f200000, 0x000000070f200000, 0x000000070f300000|  0%| F|  |TAMS 0x000000070f200000, 0x000000070f200000| Untracked 
| 215|0x000000070f300000, 0x000000070f300000, 0x000000070f400000|  0%| F|  |TAMS 0x000000070f300000, 0x000000070f300000| Untracked 
| 216|0x000000070f400000, 0x000000070f400000, 0x000000070f500000|  0%| F|  |TAMS 0x000000070f400000, 0x000000070f400000| Untracked 
| 217|0x000000070f500000, 0x000000070f500000, 0x000000070f600000|  0%| F|  |TAMS 0x000000070f500000, 0x000000070f500000| Untracked 
| 218|0x000000070f600000, 0x000000070f600000, 0x000000070f700000|  0%| F|  |TAMS 0x000000070f600000, 0x000000070f600000| Untracked 
| 219|0x000000070f700000, 0x000000070f700000, 0x000000070f800000|  0%| F|  |TAMS 0x000000070f700000, 0x000000070f700000| Untracked 
| 220|0x000000070f800000, 0x000000070f800000, 0x000000070f900000|  0%| F|  |TAMS 0x000000070f800000, 0x000000070f800000| Untracked 
| 221|0x000000070f900000, 0x000000070f900000, 0x000000070fa00000|  0%| F|  |TAMS 0x000000070f900000, 0x000000070f900000| Untracked 
| 222|0x000000070fa00000, 0x000000070fa00000, 0x000000070fb00000|  0%| F|  |TAMS 0x000000070fa00000, 0x000000070fa00000| Untracked 
| 223|0x000000070fb00000, 0x000000070fb00000, 0x000000070fc00000|  0%| F|  |TAMS 0x000000070fb00000, 0x000000070fb00000| Untracked 
| 224|0x000000070fc00000, 0x000000070fc00000, 0x000000070fd00000|  0%| F|  |TAMS 0x000000070fc00000, 0x000000070fc00000| Untracked 
| 225|0x000000070fd00000, 0x000000070fd00000, 0x000000070fe00000|  0%| F|  |TAMS 0x000000070fd00000, 0x000000070fd00000| Untracked 
| 226|0x000000070fe00000, 0x000000070fe00000, 0x000000070ff00000|  0%| F|  |TAMS 0x000000070fe00000, 0x000000070fe00000| Untracked 
| 227|0x000000070ff00000, 0x000000070ff00000, 0x0000000710000000|  0%| F|  |TAMS 0x000000070ff00000, 0x000000070ff00000| Untracked 
| 228|0x0000000710000000, 0x0000000710000000, 0x0000000710100000|  0%| F|  |TAMS 0x0000000710000000, 0x0000000710000000| Untracked 
| 229|0x0000000710100000, 0x0000000710100000, 0x0000000710200000|  0%| F|  |TAMS 0x0000000710100000, 0x0000000710100000| Untracked 
| 230|0x0000000710200000, 0x0000000710200000, 0x0000000710300000|  0%| F|  |TAMS 0x0000000710200000, 0x0000000710200000| Untracked 
| 231|0x0000000710300000, 0x0000000710300000, 0x0000000710400000|  0%| F|  |TAMS 0x0000000710300000, 0x0000000710300000| Untracked 
| 232|0x0000000710400000, 0x0000000710400000, 0x0000000710500000|  0%| F|  |TAMS 0x0000000710400000, 0x0000000710400000| Untracked 
| 233|0x0000000710500000, 0x0000000710500000, 0x0000000710600000|  0%| F|  |TAMS 0x0000000710500000, 0x0000000710500000| Untracked 
| 234|0x0000000710600000, 0x0000000710600000, 0x0000000710700000|  0%| F|  |TAMS 0x0000000710600000, 0x0000000710600000| Untracked 
| 235|0x0000000710700000, 0x0000000710700000, 0x0000000710800000|  0%| F|  |TAMS 0x0000000710700000, 0x0000000710700000| Untracked 
| 236|0x0000000710800000, 0x0000000710800000, 0x0000000710900000|  0%| F|  |TAMS 0x0000000710800000, 0x0000000710800000| Untracked 
| 237|0x0000000710900000, 0x0000000710900000, 0x0000000710a00000|  0%| F|  |TAMS 0x0000000710900000, 0x0000000710900000| Untracked 
| 238|0x0000000710a00000, 0x0000000710a00000, 0x0000000710b00000|  0%| F|  |TAMS 0x0000000710a00000, 0x0000000710a00000| Untracked 
| 239|0x0000000710b00000, 0x0000000710b00000, 0x0000000710c00000|  0%| F|  |TAMS 0x0000000710b00000, 0x0000000710b00000| Untracked 
| 240|0x0000000710c00000, 0x0000000710c00000, 0x0000000710d00000|  0%| F|  |TAMS 0x0000000710c00000, 0x0000000710c00000| Untracked 
| 241|0x0000000710d00000, 0x0000000710d00000, 0x0000000710e00000|  0%| F|  |TAMS 0x0000000710d00000, 0x0000000710d00000| Untracked 
| 242|0x0000000710e00000, 0x0000000710e00000, 0x0000000710f00000|  0%| F|  |TAMS 0x0000000710e00000, 0x0000000710e00000| Untracked 
| 243|0x0000000710f00000, 0x0000000710f00000, 0x0000000711000000|  0%| F|  |TAMS 0x0000000710f00000, 0x0000000710f00000| Untracked 
| 244|0x0000000711000000, 0x0000000711000000, 0x0000000711100000|  0%| F|  |TAMS 0x0000000711000000, 0x0000000711000000| Untracked 
| 245|0x0000000711100000, 0x0000000711100000, 0x0000000711200000|  0%| F|  |TAMS 0x0000000711100000, 0x0000000711100000| Untracked 
| 246|0x0000000711200000, 0x0000000711200000, 0x0000000711300000|  0%| F|  |TAMS 0x0000000711200000, 0x0000000711200000| Untracked 
| 247|0x0000000711300000, 0x0000000711300000, 0x0000000711400000|  0%| F|  |TAMS 0x0000000711300000, 0x0000000711300000| Untracked 
| 248|0x0000000711400000, 0x0000000711400000, 0x0000000711500000|  0%| F|  |TAMS 0x0000000711400000, 0x0000000711400000| Untracked 
| 249|0x0000000711500000, 0x0000000711500000, 0x0000000711600000|  0%| F|  |TAMS 0x0000000711500000, 0x0000000711500000| Untracked 
| 250|0x0000000711600000, 0x0000000711600000, 0x0000000711700000|  0%| F|  |TAMS 0x0000000711600000, 0x0000000711600000| Untracked 
| 251|0x0000000711700000, 0x0000000711700000, 0x0000000711800000|  0%| F|  |TAMS 0x0000000711700000, 0x0000000711700000| Untracked 
| 252|0x0000000711800000, 0x0000000711800000, 0x0000000711900000|  0%| F|  |TAMS 0x0000000711800000, 0x0000000711800000| Untracked 
| 253|0x0000000711900000, 0x0000000711900000, 0x0000000711a00000|  0%| F|  |TAMS 0x0000000711900000, 0x0000000711900000| Untracked 
| 254|0x0000000711a00000, 0x0000000711a00000, 0x0000000711b00000|  0%| F|  |TAMS 0x0000000711a00000, 0x0000000711a00000| Untracked 
| 255|0x0000000711b00000, 0x0000000711b00000, 0x0000000711c00000|  0%| F|  |TAMS 0x0000000711b00000, 0x0000000711b00000| Untracked 

Card table byte_map: [0x000001f9f9360000,0x000001f9f9b60000] _byte_map_base: 0x000001f9f5b52000

Marking Bits (Prev, Next): (CMBitMap*) 0x000001f9e5d73cc8, (CMBitMap*) 0x000001f9e5d73d00
 Prev Bits: [0x000001f9fa360000, 0x000001f9fe2f0000)
 Next Bits: [0x000001f980000000, 0x000001f983f90000)

Polling page: 0x000001f9e3b60000

Metaspace:

Usage:
  Non-class:     51.79 MB capacity,    51.42 MB (>99%) used,   283.68 KB ( <1%) free+waste,    95.31 KB ( <1%) overhead. 
      Class:      6.99 MB capacity,     6.68 MB ( 96%) used,   278.23 KB (  4%) free+waste,    42.75 KB ( <1%) overhead. 
       Both:     58.79 MB capacity,    58.10 MB ( 99%) used,   561.91 KB ( <1%) free+waste,   138.06 KB ( <1%) overhead. 

Virtual space:
  Non-class space:       52.00 MB reserved,      51.83 MB (>99%) committed 
      Class space:        1.00 GB reserved,       7.07 MB ( <1%) committed 
             Both:        1.05 GB reserved,      58.90 MB (  5%) committed 

Chunk freelists:
   Non-Class:  35.00 KB
       Class:  9.00 KB
        Both:  44.00 KB

MaxMetaspaceSize: 17179869184.00 GB
CompressedClassSpaceSize: 1.00 GB
Initial GC threshold: 20.80 MB
Current GC threshold: 59.00 MB
CDS: off

CodeHeap 'non-profiled nmethods': size=120000Kb used=3068Kb max_used=3068Kb free=116931Kb
 bounds [0x000001f9f1300000, 0x000001f9f1600000, 0x000001f9f8830000]
CodeHeap 'profiled nmethods': size=120000Kb used=16129Kb max_used=16129Kb free=103870Kb
 bounds [0x000001f9e9dd0000, 0x000001f9eada0000, 0x000001f9f1300000]
CodeHeap 'non-nmethods': size=5760Kb used=1295Kb max_used=1339Kb free=4464Kb
 bounds [0x000001f9e9830000, 0x000001f9e9aa0000, 0x000001f9e9dd0000]
 total_blobs=6805 nmethods=6221 adapters=495
 compilation: enabled
              stopped_count=0, restarted_count=0
 full_count=0

Compilation events (20 events):
Event: 8.833 Thread 0x000001f9ff787000 6252       3       org.jetbrains.kotlin.resolve.OverridingUtil$2::<init> (5 bytes)
Event: 8.833 Thread 0x000001f9ff787000 nmethod 6252 0x000001f9ead87890 code [0x000001f9ead87a40, 0x000001f9ead87b98]
Event: 8.833 Thread 0x000001f9ff787000 6253       1       org.jetbrains.kotlin.resolve.OverrideResolver$CollectErrorInformationForInheritedMembersStrategy::getKlass (5 bytes)
Event: 8.833 Thread 0x000001f9ff787000 nmethod 6253 0x000001f9f15fea10 code [0x000001f9f15febc0, 0x000001f9f15fec78]
Event: 8.833 Thread 0x000001f9ff787000 6251       3       org.jetbrains.kotlin.resolve.OverridingUtil::filterOutOverridden (61 bytes)
Event: 8.834 Thread 0x000001f9ff787000 nmethod 6251 0x000001f9ead87c90 code [0x000001f9ead87f60, 0x000001f9ead88bf8]
Event: 8.834 Thread 0x000001f9ff787000 6256       3       org.jetbrains.kotlin.resolve.OverridingUtil::filterOverrides (257 bytes)
Event: 8.835 Thread 0x000001f9ff787000 nmethod 6256 0x000001f9ead89010 code [0x000001f9ead893c0, 0x000001f9ead8ad38]
Event: 8.836 Thread 0x000001f9ff787000 6257       3       org.jetbrains.kotlin.resolve.lazy.descriptors.LazyClassDescriptor::getModality (22 bytes)
Event: 8.836 Thread 0x000001f9ff787000 nmethod 6257 0x000001f9ead8b490 code [0x000001f9ead8b660, 0x000001f9ead8b998]
Event: 8.836 Thread 0x000001f9ff787000 6254       1       org.jetbrains.kotlin.resolve.OverrideResolver$CollectErrorInformationForInheritedMembersStrategy::getAbstractInBaseClassNoImpl (5 bytes)
Event: 8.836 Thread 0x000001f9ff787000 nmethod 6254 0x000001f9f15fed10 code [0x000001f9f15feec0, 0x000001f9f15fef78]
Event: 8.836 Thread 0x000001f9ff787000 6255       1       org.jetbrains.kotlin.resolve.OverrideResolver$CollectErrorInformationForInheritedMembersStrategy::getConflictingInterfaceMembers (5 bytes)
Event: 8.836 Thread 0x000001f9ff787000 nmethod 6255 0x000001f9f15ff010 code [0x000001f9f15ff1c0, 0x000001f9f15ff278]
Event: 8.836 Thread 0x000001f9ff787000 6258       3       org.jetbrains.kotlin.resolve.DescriptorUtils::isSealedClass (41 bytes)
Event: 8.836 Thread 0x000001f9ff787000 nmethod 6258 0x000001f9ead8ba90 code [0x000001f9ead8bce0, 0x000001f9ead8c8a8]
Event: 8.836 Thread 0x000001f9ff787000 6259       3       org.jetbrains.kotlin.resolve.OverrideResolver$CollectErrorInformationForInheritedMembersStrategy::<init> (109 bytes)
Event: 8.837 Thread 0x000001f9ff739000 6262       4       java.util.LinkedHashSet::<init> (27 bytes)
Event: 8.839 Thread 0x000001f9ff787000 nmethod 6259 0x000001f9ead8ca90 code [0x000001f9ead8cfa0, 0x000001f9ead8f848]
Event: 8.839 Thread 0x000001f9ff787000 6263       3       org.jetbrains.kotlin.resolve.calls.util.CallResolverUtilKt::isOrOverridesSynthesized (118 bytes)

GC Heap History (11 events):
Event: 0.870 GC heap before
{Heap before GC invocations=0 (full 0):
 garbage-first heap   total 262144K, used 28672K [0x0000000701c00000, 0x0000000800000000)
  region size 1024K, 24 young (24576K), 0 survivors (0K)
 Metaspace       used 12281K, capacity 12449K, committed 12672K, reserved 1060864K
  class space    used 1098K, capacity 1146K, committed 1152K, reserved 1048576K
}
Event: 0.874 GC heap after
{Heap after GC invocations=1 (full 0):
 garbage-first heap   total 262144K, used 7336K [0x0000000701c00000, 0x0000000800000000)
  region size 1024K, 3 young (3072K), 3 survivors (3072K)
 Metaspace       used 12281K, capacity 12449K, committed 12672K, reserved 1060864K
  class space    used 1098K, capacity 1146K, committed 1152K, reserved 1048576K
}
Event: 1.835 GC heap before
{Heap before GC invocations=1 (full 0):
 garbage-first heap   total 262144K, used 44200K [0x0000000701c00000, 0x0000000800000000)
  region size 1024K, 40 young (40960K), 3 survivors (3072K)
 Metaspace       used 20870K, capacity 21087K, committed 21296K, reserved 1069056K
  class space    used 2202K, capacity 2310K, committed 2432K, reserved 1048576K
}
Event: 1.844 GC heap after
{Heap after GC invocations=2 (full 0):
 garbage-first heap   total 262144K, used 11228K [0x0000000701c00000, 0x0000000800000000)
  region size 1024K, 7 young (7168K), 7 survivors (7168K)
 Metaspace       used 20870K, capacity 21087K, committed 21296K, reserved 1069056K
  class space    used 2202K, capacity 2310K, committed 2432K, reserved 1048576K
}
Event: 3.192 GC heap before
{Heap before GC invocations=3 (full 0):
 garbage-first heap   total 262144K, used 65500K [0x0000000701c00000, 0x0000000800000000)
  region size 1024K, 56 young (57344K), 7 survivors (7168K)
 Metaspace       used 32387K, capacity 32860K, committed 33200K, reserved 1079296K
  class space    used 3846K, capacity 4037K, committed 4096K, reserved 1048576K
}
Event: 3.207 GC heap after
{Heap after GC invocations=4 (full 0):
 garbage-first heap   total 262144K, used 21218K [0x0000000701c00000, 0x0000000800000000)
  region size 1024K, 6 young (6144K), 6 survivors (6144K)
 Metaspace       used 32387K, capacity 32860K, committed 33200K, reserved 1079296K
  class space    used 3846K, capacity 4037K, committed 4096K, reserved 1048576K
}
Event: 3.612 GC heap before
{Heap before GC invocations=4 (full 0):
 garbage-first heap   total 262144K, used 47842K [0x0000000701c00000, 0x0000000800000000)
  region size 1024K, 31 young (31744K), 6 survivors (6144K)
 Metaspace       used 35364K, capacity 35782K, committed 35920K, reserved 1081344K
  class space    used 4386K, capacity 4583K, committed 4608K, reserved 1048576K
}
Event: 3.622 GC heap after
{Heap after GC invocations=5 (full 0):
 garbage-first heap   total 262144K, used 28949K [0x0000000701c00000, 0x0000000800000000)
  region size 1024K, 6 young (6144K), 6 survivors (6144K)
 Metaspace       used 35364K, capacity 35782K, committed 35920K, reserved 1081344K
  class space    used 4386K, capacity 4583K, committed 4608K, reserved 1048576K
}
Event: 5.710 GC heap before
{Heap before GC invocations=6 (full 0):
 garbage-first heap   total 262144K, used 107797K [0x0000000701c00000, 0x0000000800000000)
  region size 1024K, 81 young (82944K), 6 survivors (6144K)
 Metaspace       used 49733K, capacity 50320K, committed 50588K, reserved 1093632K
  class space    used 5848K, capacity 6095K, committed 6220K, reserved 1048576K
}
Event: 5.726 GC heap after
{Heap after GC invocations=7 (full 0):
 garbage-first heap   total 262144K, used 36832K [0x0000000701c00000, 0x0000000800000000)
  region size 1024K, 11 young (11264K), 11 survivors (11264K)
 Metaspace       used 49733K, capacity 50320K, committed 50588K, reserved 1093632K
  class space    used 5848K, capacity 6095K, committed 6220K, reserved 1048576K
}
Event: 8.839 GC heap before
{Heap before GC invocations=7 (full 0):
 garbage-first heap   total 262144K, used 142304K [0x0000000701c00000, 0x0000000800000000)
  region size 1024K, 114 young (116736K), 11 survivors (11264K)
 Metaspace       used 59496K, capacity 60196K, committed 60316K, reserved 1101824K
  class space    used 6838K, capacity 7159K, committed 7244K, reserved 1048576K
}

Deoptimization events (20 events):
Event: 8.641 Thread 0x000001f9e5d0f800 Uncommon trap: trap_request=0xffffff4d fr.pc=0x000001f9f14ecd84 relative=0x0000000000000244
Event: 8.641 Thread 0x000001f9e5d0f800 Uncommon trap: reason=unstable_if action=reinterpret pc=0x000001f9f14ecd84 method=org.jetbrains.kotlin.name.Name.hashCode()I @ 16 c2
Event: 8.641 Thread 0x000001f9e5d0f800 DEOPT PACKING pc=0x000001f9f14ecd84 sp=0x0000006af7efdbc0
Event: 8.641 Thread 0x000001f9e5d0f800 DEOPT UNPACKING pc=0x000001f9e987a1af sp=0x0000006af7efdb58 mode 2
Event: 8.787 Thread 0x000001f9e5d0f800 Uncommon trap: trap_request=0xffffffc6 fr.pc=0x000001f9f15fa1e4 relative=0x0000000000000bc4
Event: 8.787 Thread 0x000001f9e5d0f800 Uncommon trap: reason=bimorphic_or_optimized_type_check action=maybe_recompile pc=0x000001f9f15fa1e4 method=org.jetbrains.kotlin.descriptors.impl.FunctionDescriptorImpl.initialize(Lorg/jetbrains/kotlin/descriptors/ReceiverParameterDescriptor;Lorg/jetbrain
Event: 8.787 Thread 0x000001f9e5d0f800 DEOPT PACKING pc=0x000001f9f15fa1e4 sp=0x0000006af7efe1b0
Event: 8.787 Thread 0x000001f9e5d0f800 DEOPT UNPACKING pc=0x000001f9e987a1af sp=0x0000006af7efe180 mode 2
Event: 8.806 Thread 0x000001f9e5d0f800 Uncommon trap: trap_request=0xffffffc6 fr.pc=0x000001f9f15fa1e4 relative=0x0000000000000bc4
Event: 8.806 Thread 0x000001f9e5d0f800 Uncommon trap: reason=bimorphic_or_optimized_type_check action=maybe_recompile pc=0x000001f9f15fa1e4 method=org.jetbrains.kotlin.descriptors.impl.FunctionDescriptorImpl.initialize(Lorg/jetbrains/kotlin/descriptors/ReceiverParameterDescriptor;Lorg/jetbrain
Event: 8.806 Thread 0x000001f9e5d0f800 DEOPT PACKING pc=0x000001f9f15fa1e4 sp=0x0000006af7efe1b0
Event: 8.806 Thread 0x000001f9e5d0f800 DEOPT UNPACKING pc=0x000001f9e987a1af sp=0x0000006af7efe180 mode 2
Event: 8.807 Thread 0x000001f9e5d0f800 Uncommon trap: trap_request=0xffffffc6 fr.pc=0x000001f9f15fa1e4 relative=0x0000000000000bc4
Event: 8.807 Thread 0x000001f9e5d0f800 Uncommon trap: reason=bimorphic_or_optimized_type_check action=maybe_recompile pc=0x000001f9f15fa1e4 method=org.jetbrains.kotlin.descriptors.impl.FunctionDescriptorImpl.initialize(Lorg/jetbrains/kotlin/descriptors/ReceiverParameterDescriptor;Lorg/jetbrain
Event: 8.807 Thread 0x000001f9e5d0f800 DEOPT PACKING pc=0x000001f9f15fa1e4 sp=0x0000006af7efe1b0
Event: 8.807 Thread 0x000001f9e5d0f800 DEOPT UNPACKING pc=0x000001f9e987a1af sp=0x0000006af7efe180 mode 2
Event: 8.807 Thread 0x000001f9e5d0f800 Uncommon trap: trap_request=0xffffffc6 fr.pc=0x000001f9f15fa1e4 relative=0x0000000000000bc4
Event: 8.807 Thread 0x000001f9e5d0f800 Uncommon trap: reason=bimorphic_or_optimized_type_check action=maybe_recompile pc=0x000001f9f15fa1e4 method=org.jetbrains.kotlin.descriptors.impl.FunctionDescriptorImpl.initialize(Lorg/jetbrains/kotlin/descriptors/ReceiverParameterDescriptor;Lorg/jetbrain
Event: 8.807 Thread 0x000001f9e5d0f800 DEOPT PACKING pc=0x000001f9f15fa1e4 sp=0x0000006af7efe1b0
Event: 8.807 Thread 0x000001f9e5d0f800 DEOPT UNPACKING pc=0x000001f9e987a1af sp=0x0000006af7efe180 mode 2

Classes redefined (0 events):
No events

Internal exceptions (20 events):
Event: 2.306 Thread 0x000001f9e5d0f800 Exception <a 'java/lang/NoSuchMethodError'{0x0000000710a75f08}: 'java.lang.Object java.lang.invoke.DirectMethodHandle$Holder.invokeStatic(java.lang.Object, java.lang.Object, java.lang.Object, java.lang.Object, java.lang.Object, java.lang.Object, java.lang.Object, java.lang.Object, java.lang.Object, java.lang.Object, java.lang.Object, java.lang.Object, java.lang.Object, java.lang.Object, java.lang.Object)'> (0x0000000710a75f08) thrown at [./src/hotspot/share/interpreter/linkResolver.cpp, line 773]
Event: 2.308 Thread 0x000001f9e5d0f800 Exception <a 'java/lang/NoSuchMethodError'{0x0000000710a84158}: 'java.lang.Object java.lang.invoke.DirectMethodHandle$Holder.invokeStatic(java.lang.Object, java.lang.Object, java.lang.Object, java.lang.Object, java.lang.Object, java.lang.Object, java.lang.Object, java.lang.Object, java.lang.Object, java.lang.Object, java.lang.Object, java.lang.Object, java.lang.Object, java.lang.Object, java.lang.Object, java.lang.Object)'> (0x0000000710a84158) thrown at [./src/hotspot/share/interpreter/linkResolver.cpp, l
Event: 2.310 Thread 0x000001f9e5d0f800 Exception <a 'java/lang/NoSuchMethodError'{0x0000000710a92070}: 'java.lang.Object java.lang.invoke.DirectMethodHandle$Holder.invokeSpecial(java.lang.Object, java.lang.Object, int, int, java.lang.Object, java.lang.Object, java.lang.Object)'> (0x0000000710a92070) thrown at [./src/hotspot/share/interpreter/linkResolver.cpp, line 773]
Event: 2.310 Thread 0x000001f9e5d0f800 Exception <a 'java/lang/NoSuchMethodError'{0x0000000710a958a8}: 'java.lang.Object java.lang.invoke.DelegatingMethodHandle$Holder.reinvoke_L(java.lang.Object, int, int, java.lang.Object, java.lang.Object, java.lang.Object)'> (0x0000000710a958a8) thrown at [./src/hotspot/share/interpreter/linkResolver.cpp, line 773]
Event: 2.311 Thread 0x000001f9e5d0f800 Exception <a 'java/lang/NoSuchMethodError'{0x0000000710a99c30}: 'java.lang.Object java.lang.invoke.DirectMethodHandle$Holder.invokeStatic(java.lang.Object, java.lang.Object, java.lang.Object, java.lang.Object, int)'> (0x0000000710a99c30) thrown at [./src/hotspot/share/interpreter/linkResolver.cpp, line 773]
Event: 2.364 Thread 0x000001f9e5d0f800 Exception <a 'java/lang/NoSuchMethodError'{0x00000007109bde08}: 'void java.lang.invoke.DirectMethodHandle$Holder.invokeStatic(java.lang.Object, java.lang.Object, java.lang.Object, java.lang.Object)'> (0x00000007109bde08) thrown at [./src/hotspot/share/interpreter/linkResolver.cpp, line 773]
Event: 2.436 Thread 0x000001f9e5d0f800 Exception <a 'java/lang/NoSuchMethodError'{0x00000007105a2ee8}: 'void java.lang.invoke.DirectMethodHandle$Holder.invokeStaticInit(java.lang.Object, java.lang.Object)'> (0x00000007105a2ee8) thrown at [./src/hotspot/share/interpreter/linkResolver.cpp, line 773]
Event: 2.643 Thread 0x000001f9e5d0f800 Exception <a 'java/lang/NoSuchMethodError'{0x000000070fd7c9e8}: 'void java.lang.invoke.DirectMethodHandle$Holder.invokeVirtual(java.lang.Object, java.lang.Object)'> (0x000000070fd7c9e8) thrown at [./src/hotspot/share/interpreter/linkResolver.cpp, line 773]
Event: 2.659 Thread 0x000001f9e5d0f800 Exception <a 'java/lang/NoSuchMethodError'{0x000000070fc0f1c0}: 'int java.lang.invoke.DirectMethodHandle$Holder.invokeVirtual(java.lang.Object, java.lang.Object)'> (0x000000070fc0f1c0) thrown at [./src/hotspot/share/interpreter/linkResolver.cpp, line 773]
Event: 3.824 Thread 0x000001f9e5d0f800 Exception <a 'java/lang/NoSuchMethodError'{0x00000007113bdd80}: 'java.lang.Object java.lang.invoke.DirectMethodHandle$Holder.invokeVirtual(java.lang.Object, java.lang.Object, java.lang.Object)'> (0x00000007113bdd80) thrown at [./src/hotspot/share/interpreter/linkResolver.cpp, line 773]
Event: 4.780 Thread 0x000001f9e5d0f800 Exception <a 'java/lang/NoSuchMethodError'{0x000000070e21db80}: 'java.lang.Object java.lang.invoke.Invokers$Holder.linkToTargetMethod(java.lang.Object, int, java.lang.Object)'> (0x000000070e21db80) thrown at [./src/hotspot/share/interpreter/linkResolver.cpp, line 773]
Event: 4.996 Thread 0x000001f9e5d0f800 Exception <a 'java/lang/NoSuchMethodError'{0x000000070e0d16a8}: 'java.lang.Object java.lang.invoke.DirectMethodHandle$Holder.invokeStatic(java.lang.Object, java.lang.Object, java.lang.Object, int)'> (0x000000070e0d16a8) thrown at [./src/hotspot/share/interpreter/linkResolver.cpp, line 773]
Event: 4.997 Thread 0x000001f9e5d0f800 Exception <a 'java/lang/NoSuchMethodError'{0x000000070e0d5318}: 'java.lang.Object java.lang.invoke.DirectMethodHandle$Holder.invokeSpecial(java.lang.Object, java.lang.Object, java.lang.Object, java.lang.Object, int)'> (0x000000070e0d5318) thrown at [./src/hotspot/share/interpreter/linkResolver.cpp, line 773]
Event: 4.997 Thread 0x000001f9e5d0f800 Exception <a 'java/lang/NoSuchMethodError'{0x000000070e0d8628}: 'java.lang.Object java.lang.invoke.Invokers$Holder.linkToTargetMethod(java.lang.Object, java.lang.Object, int, java.lang.Object)'> (0x000000070e0d8628) thrown at [./src/hotspot/share/interpreter/linkResolver.cpp, line 773]
Event: 6.409 Thread 0x000001f9e5d0f800 Exception <a 'java/lang/NoSuchMethodError'{0x000000070f7eb560}: 'void java.lang.invoke.DirectMethodHandle$Holder.invokeInterface(java.lang.Object, java.lang.Object)'> (0x000000070f7eb560) thrown at [./src/hotspot/share/interpreter/linkResolver.cpp, line 773]
Event: 6.450 Thread 0x000001f9e5d0f800 Exception <a 'java/lang/NoSuchMethodError'{0x000000070f503df8}: 'java.lang.Object java.lang.invoke.DirectMethodHandle$Holder.invokeSpecial(java.lang.Object, java.lang.Object, java.lang.Object, java.lang.Object, java.lang.Object, int)'> (0x000000070f503df8) thrown at [./src/hotspot/share/interpreter/linkResolver.cpp, line 773]
Event: 6.451 Thread 0x000001f9e5d0f800 Exception <a 'java/lang/NoSuchMethodError'{0x000000070f507c40}: 'java.lang.Object java.lang.invoke.Invokers$Holder.linkToTargetMethod(java.lang.Object, java.lang.Object, java.lang.Object, int, java.lang.Object)'> (0x000000070f507c40) thrown at [./src/hotspot/share/interpreter/linkResolver.cpp, line 773]
Event: 7.167 Thread 0x000001f9e5d0f800 Implicit null exception at 0x000001f9f1535755 to 0x000001f9f1535ef4
Event: 7.298 Thread 0x000001f9e5d0f800 Exception <a 'java/lang/NoSuchMethodError'{0x000000070e7c5fb0}: 'java.lang.Object java.lang.invoke.DirectMethodHandle$Holder.invokeStaticInit(java.lang.Object, java.lang.Object, java.lang.Object)'> (0x000000070e7c5fb0) thrown at [./src/hotspot/share/interpreter/linkResolver.cpp, line 773]
Event: 8.133 Thread 0x000001f9e5d0f800 Implicit null exception at 0x000001f9f13aacf5 to 0x000001f9f13aaedc

Events (20 events):
Event: 8.823 loading class kotlin/jvm/functions/Function1 done
Event: 8.824 loading class org/jetbrains/kotlin/descriptors/DeclarationDescriptorWithNavigationSubstitute
Event: 8.824 loading class org/jetbrains/kotlin/descriptors/DeclarationDescriptorWithNavigationSubstitute done
Event: 8.824 loading class org/jetbrains/kotlin/resolve/OverrideResolver$checkOverrideForMember$1
Event: 8.824 loading class org/jetbrains/kotlin/resolve/OverrideResolver$checkOverrideForMember$1 done
Event: 8.824 loading class org/jetbrains/kotlin/resolve/OverrideResolver$CheckOverrideReportForDeclaredMemberStrategy
Event: 8.824 loading class org/jetbrains/kotlin/resolve/OverrideResolver$CheckOverrideReportForDeclaredMemberStrategy done
Event: 8.825 loading class org/jetbrains/kotlin/resolve/OverrideResolver$CheckOverrideReportStrategy
Event: 8.825 loading class org/jetbrains/kotlin/resolve/OverrideResolver$CheckOverrideReportStrategy done
Event: 8.825 loading class org/jetbrains/kotlin/resolve/OverrideResolver$CollectErrorInformationForInheritedMembersStrategy
Event: 8.825 loading class org/jetbrains/kotlin/resolve/OverrideResolver$CollectErrorInformationForInheritedMembersStrategy done
Event: 8.826 loading class org/jetbrains/kotlin/resolve/OverrideResolver$CheckInheritedSignaturesReportStrategy
Event: 8.826 loading class org/jetbrains/kotlin/resolve/OverrideResolver$CheckInheritedSignaturesReportStrategy done
Event: 8.826 loading class org/jetbrains/kotlin/resolve/OverridingUtil$2
Event: 8.826 loading class org/jetbrains/kotlin/resolve/OverridingUtil$2 done
Event: 8.827 loading class org/jetbrains/kotlin/com/google/common/collect/Collections2
Event: 8.827 loading class org/jetbrains/kotlin/com/google/common/collect/Collections2 done
Event: 8.828 loading class org/jetbrains/kotlin/resolve/OverrideResolver$CollectWarningInformationForInheritedMembersStrategy
Event: 8.828 loading class org/jetbrains/kotlin/resolve/OverrideResolver$CollectWarningInformationForInheritedMembersStrategy done
Event: 8.839 Executing VM operation: CollectForMetadataAllocation


Dynamic libraries:
0x00007ff663d10000 - 0x00007ff663d1a000 	D:\Android Studio\jre\bin\java.exe
0x00007ff917130000 - 0x00007ff917328000 	C:\WINDOWS\SYSTEM32\ntdll.dll
0x00007ff9161a0000 - 0x00007ff91625f000 	C:\WINDOWS\System32\KERNEL32.DLL
0x00007ff914d10000 - 0x00007ff914fe2000 	C:\WINDOWS\System32\KERNELBASE.dll
0x00007ff914820000 - 0x00007ff914920000 	C:\WINDOWS\System32\ucrtbase.dll
0x00007ff8dc810000 - 0x00007ff8dc829000 	D:\Android Studio\jre\bin\jli.dll
0x00007ff8db640000 - 0x00007ff8db657000 	D:\Android Studio\jre\bin\VCRUNTIME140.dll
0x00007ff916f20000 - 0x00007ff9170c1000 	C:\WINDOWS\System32\USER32.dll
0x00007ff914ff0000 - 0x00007ff915012000 	C:\WINDOWS\System32\win32u.dll
0x00007ff8ffee0000 - 0x00007ff90017a000 	C:\WINDOWS\WinSxS\amd64_microsoft.windows.common-controls_6595b64144ccf1df_6.0.19041.1110_none_60b5254171f9507e\COMCTL32.dll
0x00007ff916c40000 - 0x00007ff916c6b000 	C:\WINDOWS\System32\GDI32.dll
0x00007ff916260000 - 0x00007ff9162fe000 	C:\WINDOWS\System32\msvcrt.dll
0x00007ff914920000 - 0x00007ff914a2f000 	C:\WINDOWS\System32\gdi32full.dll
0x00007ff914c20000 - 0x00007ff914cbd000 	C:\WINDOWS\System32\msvcp_win.dll
0x00007ff915170000 - 0x00007ff9151a2000 	C:\WINDOWS\System32\IMM32.DLL
0x00007ff8ce500000 - 0x00007ff8ce59d000 	D:\Android Studio\jre\bin\msvcp140.dll
0x00007ff8ae240000 - 0x00007ff8aed42000 	D:\Android Studio\jre\bin\server\jvm.dll
0x00007ff9151b0000 - 0x00007ff91525e000 	C:\WINDOWS\System32\ADVAPI32.dll
0x00007ff916100000 - 0x00007ff91619c000 	C:\WINDOWS\System32\sechost.dll
0x00007ff916300000 - 0x00007ff916425000 	C:\WINDOWS\System32\RPCRT4.dll
0x00007ff916660000 - 0x00007ff916668000 	C:\WINDOWS\System32\PSAPI.DLL
0x00007ff903720000 - 0x00007ff903747000 	C:\WINDOWS\SYSTEM32\WINMM.dll
0x00007ff910700000 - 0x00007ff910709000 	C:\WINDOWS\SYSTEM32\WSOCK32.dll
0x00007ff90c760000 - 0x00007ff90c76a000 	C:\WINDOWS\SYSTEM32\VERSION.dll
0x00007ff9164c0000 - 0x00007ff91652b000 	C:\WINDOWS\System32\WS2_32.dll
0x00007ff9126c0000 - 0x00007ff9126d2000 	C:\WINDOWS\SYSTEM32\kernel.appcore.dll
0x00007ff910640000 - 0x00007ff910651000 	D:\Android Studio\jre\bin\verify.dll
0x00007ff902de0000 - 0x00007ff902fc4000 	C:\WINDOWS\SYSTEM32\DBGHELP.DLL
0x00007ff900440000 - 0x00007ff900475000 	C:\WINDOWS\SYSTEM32\dbgcore.DLL
0x00007ff914b90000 - 0x00007ff914c12000 	C:\WINDOWS\System32\bcryptPrimitives.dll
0x00007ff900d50000 - 0x00007ff900d79000 	D:\Android Studio\jre\bin\java.dll
0x00007ff902050000 - 0x00007ff90205b000 	D:\Android Studio\jre\bin\jimage.dll
0x00007ff8ed6f0000 - 0x00007ff8ed708000 	D:\Android Studio\jre\bin\zip.dll
0x00007ff915950000 - 0x00007ff916094000 	C:\WINDOWS\System32\SHELL32.dll
0x00007ff9128c0000 - 0x00007ff913052000 	C:\WINDOWS\SYSTEM32\windows.storage.dll
0x00007ff916670000 - 0x00007ff9169c5000 	C:\WINDOWS\System32\combase.dll
0x00007ff914280000 - 0x00007ff9142b0000 	C:\WINDOWS\SYSTEM32\Wldp.dll
0x00007ff916530000 - 0x00007ff9165dd000 	C:\WINDOWS\System32\SHCORE.dll
0x00007ff916be0000 - 0x00007ff916c35000 	C:\WINDOWS\System32\shlwapi.dll
0x00007ff914760000 - 0x00007ff91477f000 	C:\WINDOWS\SYSTEM32\profapi.dll
0x00007ff8ed6d0000 - 0x00007ff8ed6ea000 	D:\Android Studio\jre\bin\net.dll
0x00007ff90c870000 - 0x00007ff90c97c000 	C:\WINDOWS\SYSTEM32\WINHTTP.dll
0x00007ff913fe0000 - 0x00007ff91404a000 	C:\WINDOWS\system32\mswsock.dll
0x00007ff8e9630000 - 0x00007ff8e9644000 	D:\Android Studio\jre\bin\nio.dll

dbghelp: loaded successfully - version: 4.0.5 - missing functions: none
symbol engine: initialized successfully - sym options: 0x614 - pdb path: .;D:\Android Studio\jre\bin;C:\WINDOWS\SYSTEM32;C:\WINDOWS\WinSxS\amd64_microsoft.windows.common-controls_6595b64144ccf1df_6.0.19041.1110_none_60b5254171f9507e;D:\Android Studio\jre\bin\server

VM Arguments:
java_command: org.jetbrains.kotlin.cli.jvm.K2JVMCompiler @D:\Android Studio Project\GoFit\app\build\20230514_4279169722758962852.compiler.options
java_class_path (initial): D:\gradleDirectory\caches\modules-2\files-2.1\org.jetbrains.kotlin\kotlin-compiler-embeddable\1.7.20\8db18559a581dd2c36ddfd5046af145650f5b126\kotlin-compiler-embeddable-1.7.20.jar;D:\gradleDirectory\caches\modules-2\files-2.1\org.jetbrains.kotlin\kotlin-reflect\1.7.20\12b2501e33bb6373e8e347c86d85481863629381\kotlin-reflect-1.7.20.jar;D:\gradleDirectory\caches\modules-2\files-2.1\org.jetbrains.kotlin\kotlin-stdlib\1.7.20\726594ea9ba2beb2ee113647fefa9a10f9fabe52\kotlin-stdlib-1.7.20.jar;D:\gradleDirectory\caches\modules-2\files-2.1\org.jetbrains.kotlin\kotlin-script-runtime\1.7.20\bcd1cc6f865e632550357fcc59f5ffd532615a8\kotlin-script-runtime-1.7.20.jar;D:\gradleDirectory\caches\modules-2\files-2.1\org.jetbrains.kotlin\kotlin-daemon-embeddable\1.7.20\1e24355adad8d529d75d5b19eab55484057431ba\kotlin-daemon-embeddable-1.7.20.jar;D:\gradleDirectory\caches\modules-2\files-2.1\org.jetbrains.intellij.deps\trove4j\1.0.20200330\3afb14d5f9ceb459d724e907a21145e8ff394f02\trove4j-1.0.20200330.jar;D:\gradleDirectory\caches\modules-2\files-2.1\net.java.dev.jna\jna\5.6.0\330f2244e9030119ab3030fc3fededc86713d9cc\jna-5.6.0.jar;D:\gradleDirectory\caches\modules-2\files-2.1\org.jetbrains.kotlin\kotlin-stdlib-common\1.7.20\e15351bdaf9fa06f009be5da7a202e4184f00ae3\kotlin-stdlib-common-1.7.20.jar;D:\gradleDirectory\caches\modules-2\files-2.1\org.jetbrains\annotations\13.0\919f0dfe192fb4e063e7dacadee7f8bb9a2672a9\annotations-13.0.jar
Launcher Type: SUN_STANDARD

[Global flags]
     intx CICompilerCount                          = 4                                         {product} {ergonomic}
     uint ConcGCThreads                            = 2                                         {product} {ergonomic}
     uint G1ConcRefinementThreads                  = 8                                         {product} {ergonomic}
   size_t G1HeapRegionSize                         = 1048576                                   {product} {ergonomic}
    uintx GCDrainStackTargetSize                   = 64                                        {product} {ergonomic}
   size_t InitialHeapSize                          = 268435456                                 {product} {ergonomic}
   size_t MarkStackSize                            = 4194304                                   {product} {ergonomic}
   size_t MaxHeapSize                              = 4265607168                                {product} {ergonomic}
   size_t MaxNewSize                               = 2558525440                                {product} {ergonomic}
   size_t MinHeapDeltaBytes                        = 1048576                                   {product} {ergonomic}
    uintx NonNMethodCodeHeapSize                   = 5836300                                {pd product} {ergonomic}
    uintx NonProfiledCodeHeapSize                  = 122910970                              {pd product} {ergonomic}
    uintx ProfiledCodeHeapSize                     = 122910970                              {pd product} {ergonomic}
    uintx ReservedCodeCacheSize                    = 251658240                              {pd product} {ergonomic}
     bool SegmentedCodeCache                       = true                                      {product} {ergonomic}
     bool UseCompressedClassPointers               = true                                 {lp64_product} {ergonomic}
     bool UseCompressedOops                        = true                                 {lp64_product} {ergonomic}
     bool UseG1GC                                  = true                                      {product} {ergonomic}
     bool UseLargePagesIndividualAllocation        = false                                  {pd product} {ergonomic}

Logging:
Log output configuration:
 #0: stdout all=warning uptime,level,tags
 #1: stderr all=off uptime,level,tags

Environment Variables:
JAVA_HOME=C:\Program Files\Eclipse Adoptium\jdk-11.0.14.101-hotspot\
PATH=D:\cuda\bin;D:\cuda\libnvvp;C:\Program Files\Eclipse Adoptium\jdk-11.0.14.101-hotspot\bin;C:\Python39\Scripts\;C:\Python39\;C:\Users\ROG-STRIX\AppData\Local\Programs\Python\Python39\Scripts\;C:\Users\ROG-STRIX\AppData\Local\Programs\Python\Python39\;D:\Oracle\app\oracle\product\10.2.0\server\bin;C:\Windows\system32;C:\Windows;C:\Windows\System32\Wbem;C:\Windows\System32\WindowsPowerShell\v1.0\;C:\Program Files (x86)\NVIDIA Corporation\PhysX\Common;C:\WINDOWS\system32;C:\WINDOWS;C:\WINDOWS\System32\Wbem;C:\WINDOWS\System32\WindowsPowerShell\v1.0\;C:\WINDOWS\System32\OpenSSH\;C:\Program Files\MongoDB\Server\5.0\bin;D:\SQL 2019\Server\Client SDK\ODBC\170\Tools\Binn\;C:\Program Files (x86)\Microsoft SQL Server\150\DTS\Binn\;C:\Program Files\Azure Data Studio\bin;D:\Graphviz\bin;C:\Program Files\dotnet\;D:\Git\cmd;C:\Program Files (x86)\Microsoft SQL Server\110\DTS\Binn\;C:\Program Files (x86)\Microsoft SQL Server\120\DTS\Binn\;C:\Program Files (x86)\Microsoft SQL Server\130\DTS\Binn\;C:\Program Files (x86)\Microsoft SQL Server\140\DTS\Binn\;C:\Program Files (x86)\Microsoft SQL Server\150\Tools\Binn\;D:\SQL 2019\Server\150\Tools\Binn\;D:\SQL 2019\Server\150\DTS\Binn\;C:\Program Files (x86)\Microsoft SQL Server\160\DTS\Binn\;D:\Xampp\php;C:\ProgramData\ComposerSetup\bin;D:\node.js\;C:\Program Files\NVIDIA Corporation\Nsight Compute 2023.1.0\;D:\SQL 2019\Server\140\DTS\Binn\;D:\SQL 2019\Server\160\DTS\Binn\;D:\SQL 2019\Server\130\Tools\Binn\;D:\Games\Matlab\bin;C:\Users\ROG-STRIX\AppData\Local\Microsoft\WindowsApps;D:\Microsoft VS Code\bin;D:\Pycharm\PyCharm Community Edition 2021.2.2\bin;;C:\Program Files\Azure Data Studio\bin;D:\JartoExe\;D:\Graphviz\bin;C:\Users\ROG-STRIX\AppData\Roaming\Composer\vendor\bin;C:\Users\ROG-STRIX\AppData\Roaming\npm;D:\flutter\bin;;D:\IntelliJ IDEA Community Edition 2022.3.2\bin;
USERNAME=ROG-STRIX
OS=Windows_NT
PROCESSOR_IDENTIFIER=Intel64 Family 6 Model 158 Stepping 9, GenuineIntel



---------------  S Y S T E M  ---------------

OS: Windows 10 , 64 bit Build 19041 (10.0.19041.2364)
OS uptime: 0 days 7:56 hours

CPU:total 8 (initial active 8) (4 cores per cpu, 2 threads per core) family 6 model 158 stepping 9 microcode 0xb4, cmov, cx8, fxsr, mmx, sse, sse2, sse3, ssse3, sse4.1, sse4.2, popcnt, avx, avx2, aes, clmul, erms, 3dnowpref, lzcnt, ht, tsc, tscinvbit, bmi1, bmi2, adx, fma

Memory: 4k page, system-wide physical 16268M (2572M free)
TotalPageFile size 25059M (AvailPageFile size 31M)
current process WorkingSet (physical memory assigned to process): 348M, peak: 348M
current process commit charge ("private bytes"): 479M, peak: 531M

vm_info: OpenJDK 64-Bit Server VM (11.0.13+0-b1751.21-8125866) for windows-amd64 JRE (11.0.13+0-b1751.21-8125866), built on Feb  2 2022 03:00:22 by "builder" with MS VC++ 14.0 (VS2015)

END.
